<?xml version="1.0" encoding="UTF-8"?>
<robot generator="Robot 6.0.2 (Python 3.11.2 on win32)" generated="20230407 13:50:14.282" rpa="false" schemaversion="3">
<suite id="s1" name="Amazon Testes" source="C:\Projeto robot\RobotFramework\WebTesting\RobotFrameworkEstudo\amazon_testes.robot">
<test id="s1-t1" name="Caso de Teste 01 - Acesso ao menu &quot;Livros&quot;" line="8">
<kw name="Abrir o navegador" library="amazon_resources" type="SETUP">
<kw name="Open Browser" library="SeleniumLibrary">
<arg>browser=chrome</arg>
<doc>Opens a new browser instance to the optional ``url``.</doc>
<msg timestamp="20230407 13:50:14.574" level="INFO">Opening browser 'chrome' to base url 'None'.</msg>
<status status="PASS" starttime="20230407 13:50:14.573" endtime="20230407 13:50:16.476"/>
</kw>
<kw name="Maximize Browser Window" library="SeleniumLibrary">
<doc>Maximizes current browser window.</doc>
<status status="PASS" starttime="20230407 13:50:16.476" endtime="20230407 13:50:16.678"/>
</kw>
<status status="PASS" starttime="20230407 13:50:14.572" endtime="20230407 13:50:16.678"/>
</kw>
<kw name="Acessar a home page do site Amazon.com.br" library="amazon_resources">
<kw name="Go To" library="SeleniumLibrary">
<arg>url=${URL}</arg>
<doc>Navigates the current browser window to the provided ``url``.</doc>
<msg timestamp="20230407 13:50:16.682" level="INFO">Opening url 'https://www.amazon.com.br'</msg>
<status status="PASS" starttime="20230407 13:50:16.681" endtime="20230407 13:50:20.410"/>
</kw>
<kw name="Wait Until Element Is Visible" library="SeleniumLibrary">
<arg>locator=${MENU_LIVROS}</arg>
<doc>Waits until the element ``locator`` is visible.</doc>
<status status="PASS" starttime="20230407 13:50:20.411" endtime="20230407 13:50:20.657"/>
</kw>
<status status="PASS" starttime="20230407 13:50:16.680" endtime="20230407 13:50:20.658"/>
</kw>
<kw name="Entrar no menu &quot;Livros&quot;" library="amazon_resources">
<kw name="Click Element" library="SeleniumLibrary">
<arg>locator=${MENU_LIVROS}</arg>
<doc>Click the element identified by ``locator``.</doc>
<msg timestamp="20230407 13:50:20.660" level="INFO">Clicking element '//a[contains(.,'Livros')]'.</msg>
<status status="PASS" starttime="20230407 13:50:20.659" endtime="20230407 13:50:23.502"/>
</kw>
<status status="PASS" starttime="20230407 13:50:20.658" endtime="20230407 13:50:23.503"/>
</kw>
<kw name="Verificar se aparece a frase &quot;Loja de Livros&quot;" library="amazon_resources">
<kw name="Wait Until Page Contains" library="SeleniumLibrary">
<arg>text=${TEXTO_HEADER_LIVROS}</arg>
<doc>Waits until ``text`` appears on the current page.</doc>
<status status="PASS" starttime="20230407 13:50:23.507" endtime="20230407 13:50:23.640"/>
</kw>
<kw name="Wait Until Element Is Visible" library="SeleniumLibrary">
<arg>locator=${HEADER_LIVROS}</arg>
<doc>Waits until the element ``locator`` is visible.</doc>
<status status="PASS" starttime="20230407 13:50:23.640" endtime="20230407 13:50:23.841"/>
</kw>
<status status="PASS" starttime="20230407 13:50:23.506" endtime="20230407 13:50:23.841"/>
</kw>
<doc>Esse teste verifica o menu Livros do site da Amazon
e verifica o menu loja de livros</doc>
<tag>categorias</tag>
<tag>menus</tag>
<status status="PASS" starttime="20230407 13:50:14.570" endtime="20230407 13:50:23.869"/>
</test>
<doc>Essa suite testa o site da Amazon</doc>
<status status="PASS" starttime="20230407 13:50:14.284" endtime="20230407 13:50:23.900"/>
</suite>
<statistics>
<total>
<stat pass="1" fail="0" skip="0">All Tests</stat>
</total>
<tag>
<stat pass="1" fail="0" skip="0">categorias</stat>
<stat pass="1" fail="0" skip="0">menus</stat>
</tag>
<suite>
<stat pass="1" fail="0" skip="0" id="s1" name="Amazon Testes">Amazon Testes</stat>
</suite>
</statistics>
<errors>
</errors>
</robot>
