<?xml version="1.0" encoding="UTF-8"?>
<robot generator="Robot 6.0.2 (Python 3.11.2 on win32)" generated="20230508 20:36:46.237" rpa="false" schemaversion="3">
<suite id="s1" name="mercadoLivre testes gherkin" source="C:\Projeto robot\RobotFramework\WebTesting\RobotFrameworkEstudo\mercadoLivre_testes_gherkin.robot">
<test id="s1-t1" name="Caso de Teste 01 - Acesso ao menu &quot;Games&quot;" line="8">
<kw name="Abrir o navegador" library="mercadoLivre_resources" type="SETUP">
<kw name="Open Browser" library="SeleniumLibrary">
<arg>browser=chrome</arg>
<doc>Opens a new browser instance to the optional ``url``.</doc>
<msg timestamp="20230508 20:36:46.538" level="INFO">Opening browser 'chrome' to base url 'None'.</msg>
<status status="PASS" starttime="20230508 20:36:46.538" endtime="20230508 20:36:48.617"/>
</kw>
<kw name="Maximize Browser Window" library="SeleniumLibrary">
<doc>Maximizes current browser window.</doc>
<status status="PASS" starttime="20230508 20:36:48.617" endtime="20230508 20:36:48.744"/>
</kw>
<status status="PASS" starttime="20230508 20:36:46.538" endtime="20230508 20:36:48.744"/>
</kw>
<kw name="Dado que estou na home page do Mercado livre" library="mercadoLivre_resources">
<kw name="Acessar a home page do site Mercado livre" library="mercadoLivre_resources">
<kw name="Go To" library="SeleniumLibrary">
<arg>url=${URL}</arg>
<doc>Navigates the current browser window to the provided ``url``.</doc>
<msg timestamp="20230508 20:36:48.753" level="INFO">Opening url 'https://www.mercadolivre.com.br/'</msg>
<status status="PASS" starttime="20230508 20:36:48.753" endtime="20230508 20:36:51.823"/>
</kw>
<kw name="Wait Until Element Is Visible" library="SeleniumLibrary">
<arg>locator=${CATEGORIAS}</arg>
<doc>Waits until the element ``locator`` is visible.</doc>
<status status="PASS" starttime="20230508 20:36:51.823" endtime="20230508 20:36:52.068"/>
</kw>
<status status="PASS" starttime="20230508 20:36:48.744" endtime="20230508 20:36:52.068"/>
</kw>
<status status="PASS" starttime="20230508 20:36:48.744" endtime="20230508 20:36:52.069"/>
</kw>
<kw name="Quando Entrar no menu &quot;Tecnologia&quot;" library="mercadoLivre_resources">
<kw name="Entrar no menu &quot;Tecnologia&quot;" library="mercadoLivre_resources">
<kw name="Click Element" library="SeleniumLibrary">
<arg>locator=${CATEGORIAS}</arg>
<doc>Click the element identified by ``locator``.</doc>
<msg timestamp="20230508 20:36:52.078" level="INFO">Clicking element '//a[contains(@class,'nav-menu-categories-link')]'.</msg>
<status status="PASS" starttime="20230508 20:36:52.076" endtime="20230508 20:36:53.186"/>
</kw>
<kw name="Sleep" library="BuiltIn">
<arg>5s</arg>
<doc>Pauses the test executed for the given time.</doc>
<msg timestamp="20230508 20:36:58.187" level="INFO">Slept 5 seconds</msg>
<status status="PASS" starttime="20230508 20:36:53.187" endtime="20230508 20:36:58.187"/>
</kw>
<kw name="Click Element" library="SeleniumLibrary">
<arg>locator=${TECNOLOGIA}</arg>
<doc>Click the element identified by ``locator``.</doc>
<msg timestamp="20230508 20:36:58.187" level="INFO">Clicking element '//a[@href='#'][contains(.,'Tecnologia')]'.</msg>
<status status="PASS" starttime="20230508 20:36:58.187" endtime="20230508 20:36:58.292"/>
</kw>
<kw name="Sleep" library="BuiltIn">
<arg>5s</arg>
<doc>Pauses the test executed for the given time.</doc>
<msg timestamp="20230508 20:37:03.293" level="INFO">Slept 5 seconds</msg>
<status status="PASS" starttime="20230508 20:36:58.293" endtime="20230508 20:37:03.293"/>
</kw>
<kw name="Click Element" library="SeleniumLibrary">
<arg>locator=${GAME}</arg>
<doc>Click the element identified by ``locator``.</doc>
<msg timestamp="20230508 20:37:03.293" level="INFO">Clicking element '//a[contains(.,'Games')]'.</msg>
<status status="PASS" starttime="20230508 20:37:03.293" endtime="20230508 20:37:05.605"/>
</kw>
<kw name="Sleep" library="BuiltIn">
<arg>5s</arg>
<doc>Pauses the test executed for the given time.</doc>
<msg timestamp="20230508 20:37:10.605" level="INFO">Slept 5 seconds</msg>
<status status="PASS" starttime="20230508 20:37:05.605" endtime="20230508 20:37:10.605"/>
</kw>
<status status="PASS" starttime="20230508 20:36:52.075" endtime="20230508 20:37:10.605"/>
</kw>
<status status="PASS" starttime="20230508 20:36:52.075" endtime="20230508 20:37:10.605"/>
</kw>
<kw name="Então o título da página deve ficar &quot;JOGOS E CONSOLES POR PLATAFORMA&quot;" library="mercadoLivre_resources">
<kw name="Verificar se aparece a frase &quot;JOGOS E CONSOLES POR PLATAFORMA&quot;" library="mercadoLivre_resources">
<kw name="Mouse Down" library="SeleniumLibrary">
<arg>locator=${TEXTO_JOGOS}</arg>
<doc>Simulates pressing the left mouse button on the element ``locator``.</doc>
<msg timestamp="20230508 20:37:10.607" level="INFO">Simulating Mouse Down on element '//h2[@class='text__primary'][contains(.,'JOGOS E CONSOLES POR PLATAFORMA')]'.</msg>
<status status="PASS" starttime="20230508 20:37:10.605" endtime="20230508 20:37:10.933"/>
</kw>
<kw name="Wait Until Element Is Visible" library="SeleniumLibrary">
<arg>locator=${TEXTO_JOGOS}</arg>
<doc>Waits until the element ``locator`` is visible.</doc>
<status status="PASS" starttime="20230508 20:37:10.933" endtime="20230508 20:37:10.976"/>
</kw>
<status status="PASS" starttime="20230508 20:37:10.605" endtime="20230508 20:37:10.976"/>
</kw>
<status status="PASS" starttime="20230508 20:37:10.605" endtime="20230508 20:37:10.976"/>
</kw>
<kw name="Fechar o navegador" library="mercadoLivre_resources" type="TEARDOWN">
<kw name="Capture Page Screenshot" library="SeleniumLibrary">
<doc>Takes a screenshot of the current page and embeds it into a log file.</doc>
<msg timestamp="20230508 20:37:11.388" level="INFO" html="true">&lt;/td&gt;&lt;/tr&gt;&lt;tr&gt;&lt;td colspan="3"&gt;&lt;a href="selenium-screenshot-62.png"&gt;&lt;img src="selenium-screenshot-62.png" width="800px"&gt;&lt;/a&gt;</msg>
<status status="PASS" starttime="20230508 20:37:10.981" endtime="20230508 20:37:11.388"/>
</kw>
<kw name="Close Browser" library="SeleniumLibrary">
<doc>Closes the current browser.</doc>
<status status="PASS" starttime="20230508 20:37:11.388" endtime="20230508 20:37:13.881"/>
</kw>
<status status="PASS" starttime="20230508 20:37:10.976" endtime="20230508 20:37:13.881"/>
</kw>
<doc>Esse teste verifica o menu Livros do site da Amazon
e verifica o menu loja de livros</doc>
<tag>categorias</tag>
<tag>menus</tag>
<status status="PASS" starttime="20230508 20:36:46.537" endtime="20230508 20:37:13.881"/>
</test>
<doc>Essa suite testa o site do Mercado Livre</doc>
<status status="PASS" starttime="20230508 20:36:46.237" endtime="20230508 20:37:13.889"/>
</suite>
<statistics>
<total>
<stat pass="1" fail="0" skip="0">All Tests</stat>
</total>
<tag>
<stat pass="1" fail="0" skip="0">categorias</stat>
<stat pass="1" fail="0" skip="0">menus</stat>
</tag>
<suite>
<stat pass="1" fail="0" skip="0" id="s1" name="mercadoLivre testes gherkin">mercadoLivre testes gherkin</stat>
</suite>
</statistics>
<errors>
</errors>
</robot>
